<?xml version="1.0" encoding="UTF-8"?>
<testng-results ignored="0" total="1" passed="1" failed="0" skipped="0">
  <reporter-output>
  </reporter-output>
  <suite started-at="2025-07-17T13:19:47 IST" name="Surefire suite" finished-at="2025-07-17T13:19:52 IST" duration-ms="4240">
    <groups>
    </groups>
    <test started-at="2025-07-17T13:19:47 IST" name="Surefire test" finished-at="2025-07-17T13:19:52 IST" duration-ms="4240">
      <class name="org.sample_testScripts.LaunchAndSearch_Test">
        <test-method signature="testCase()[pri:0, instance:org.sample_testScripts.LaunchAndSearch_Test@667a738]" started-at="2025-07-17T13:19:47 IST" name="testCase" finished-at="2025-07-17T13:19:52 IST" duration-ms="4202" status="PASS">
          <reporter-output>
          </reporter-output>
        </test-method> <!-- testCase -->
      </class> <!-- org.sample_testScripts.LaunchAndSearch_Test -->
    </test> <!-- Surefire test -->
  </suite> <!-- Surefire suite -->
</testng-results>
