<?xml version="1.0" encoding="UTF-8"?>
<!-- Generated by org.testng.reporters.JUnitXMLReporter -->
<testsuite ignored="0" hostname="LAPTOP-T1VPFPVR" failures="0" tests="3" name="Test" time="48.937" errors="0" timestamp="2025-07-16T14:17:28 IST">
  <testcase classname="org.sample_testScripts.Fossil" name="tc" time="10.372"/>
  <testcase classname="org.sample_testScripts.Titan" name="tc" time="17.662"/>
  <testcase classname="org.sample_testScripts.Fastrack" name="tc" time="20.855"/>
</testsuite> <!-- Test -->
