<?xml version="1.0" encoding="UTF-8"?>
<testng-results ignored="0" total="1" passed="1" failed="0" skipped="0">
  <reporter-output>
  </reporter-output>
  <suite started-at="2025-07-16T12:39:18 IST" name="Default suite" finished-at="2025-07-16T12:39:30 IST" duration-ms="11306">
    <groups>
    </groups>
    <test started-at="2025-07-16T12:39:18 IST" name="Default test" finished-at="2025-07-16T12:39:30 IST" duration-ms="11306">
      <class name="org.automation.test_scripts.TC_Cart_002_Test">
        <test-method is-config="true" signature="launchAndMaximizeBrower(java.lang.String)[pri:0, instance:org.automation.test_scripts.TC_Cart_002_Test@4fb61f4a]" started-at="2025-07-16T12:39:18 IST" name="launchAndMaximizeBrower" finished-at="2025-07-16T12:39:24 IST" duration-ms="6019" status="PASS">
          <params>
            <param index="0">
              <value>
                <![CDATA[chrome]]>
              </value>
            </param>
          </params>
          <reporter-output>
          </reporter-output>
        </test-method> <!-- launchAndMaximizeBrower -->
        <test-method is-config="true" signature="login()[pri:0, instance:org.automation.test_scripts.TC_Cart_002_Test@4fb61f4a]" started-at="2025-07-16T12:39:24 IST" name="login" finished-at="2025-07-16T12:39:26 IST" duration-ms="1830" status="PASS">
          <reporter-output>
          </reporter-output>
        </test-method> <!-- login -->
        <test-method signature="verify_cart_is_added_or_not()[pri:0, instance:org.automation.test_scripts.TC_Cart_002_Test@4fb61f4a]" started-at="2025-07-16T12:39:26 IST" name="verify_cart_is_added_or_not" finished-at="2025-07-16T12:39:29 IST" duration-ms="3019" status="PASS">
          <reporter-output>
          </reporter-output>
        </test-method> <!-- verify_cart_is_added_or_not -->
        <test-method is-config="true" signature="logout()[pri:0, instance:org.automation.test_scripts.TC_Cart_002_Test@4fb61f4a]" started-at="2025-07-16T12:39:29 IST" name="logout" finished-at="2025-07-16T12:39:29 IST" duration-ms="121" status="PASS">
          <reporter-output>
          </reporter-output>
        </test-method> <!-- logout -->
        <test-method is-config="true" signature="tearDownBrowser()[pri:0, instance:org.automation.test_scripts.TC_Cart_002_Test@4fb61f4a]" started-at="2025-07-16T12:39:29 IST" name="tearDownBrowser" finished-at="2025-07-16T12:39:30 IST" duration-ms="261" status="PASS">
          <reporter-output>
          </reporter-output>
        </test-method> <!-- tearDownBrowser -->
      </class> <!-- org.automation.test_scripts.TC_Cart_002_Test -->
    </test> <!-- Default test -->
  </suite> <!-- Default suite -->
</testng-results>
